<?xml version="1.0" encoding="UTF-8"?>
<!-- Generated by org.testng.reporters.JUnitXMLReporter -->
<testsuite hostname="GISAHOO-IN" ignored="0" name="FunctionalTest" tests="4" failures="0" timestamp="14 Aug 2017 09:35:05 GMT" time="66.955" errors="0">
  <testcase name="run" time="3.087" classname="com.guru99.ecommerce.main.EcomSortingTC001"/>
  <testcase name="run2" time="5.127" classname="com.guru99.ecommerce.main.EcomCompareTC002"/>
  <testcase name="run1" time="19.89" classname="com.guru99.ecommerce.main.EcomCartErrorTC003"/>
  <testcase name="run1" time="6.429" classname="com.guru99.ecommerce.main.EcomPopUpTC004"/>
</testsuite> <!-- FunctionalTest -->
