<?xml version="1.0" encoding="UTF-8"?>
<testng-results skipped="0" failed="0" ignored="0" total="1" passed="1">
  <reporter-output>
  </reporter-output>
  <suite name="Default suite" duration-ms="27748" started-at="2017-08-20T15:03:16Z" finished-at="2017-08-20T15:03:44Z">
    <groups>
    </groups>
    <test name="Default test" duration-ms="27748" started-at="2017-08-20T15:03:16Z" finished-at="2017-08-20T15:03:44Z">
      <class name="com.guru99.ecommerce.main.EcomEmailTC010">
        <test-method status="PASS" signature="setup()[pri:0, instance:com.guru99.ecommerce.main.EcomEmailTC010@6cc4c815]" name="setup" is-config="true" duration-ms="18650" started-at="2017-08-20T20:33:16Z" finished-at="2017-08-20T20:33:35Z">
          <reporter-output>
          </reporter-output>
        </test-method> <!-- setup -->
        <test-method status="PASS" signature="TC006()[pri:1, instance:com.guru99.ecommerce.main.EcomEmailTC010@6cc4c815]" name="TC006" duration-ms="9071" started-at="2017-08-20T20:33:35Z" finished-at="2017-08-20T20:33:44Z">
          <reporter-output>
          </reporter-output>
        </test-method> <!-- TC006 -->
        <test-method status="PASS" signature="tearDown()[pri:0, instance:com.guru99.ecommerce.main.EcomEmailTC010@6cc4c815]" name="tearDown" is-config="true" duration-ms="0" started-at="2017-08-20T20:33:44Z" finished-at="2017-08-20T20:33:44Z">
          <reporter-output>
          </reporter-output>
        </test-method> <!-- tearDown -->
      </class> <!-- com.guru99.ecommerce.main.EcomEmailTC010 -->
    </test> <!-- Default test -->
  </suite> <!-- Default suite -->
</testng-results>
